mode: set
github.com/GoesToEleven/LearningGoProgramming/Testing_Lecture_and_Exercises/Jedi_Level_13/Hands-On-2/word/main.go:7.40,10.23 3 1
github.com/GoesToEleven/LearningGoProgramming/Testing_Lecture_and_Exercises/Jedi_Level_13/Hands-On-2/word/main.go:13.2,13.10 1 1
github.com/GoesToEleven/LearningGoProgramming/Testing_Lecture_and_Exercises/Jedi_Level_13/Hands-On-2/word/main.go:10.23,12.3 1 1
github.com/GoesToEleven/LearningGoProgramming/Testing_Lecture_and_Exercises/Jedi_Level_13/Hands-On-2/word/main.go:17.26,20.2 2 1
