mode: set
github.com/GoesToEleven/LearningGoProgramming/Testing_Lecture_and_Exercises/Jedi_Level_13/Hands-On-1/dog/main.go:5.23,7.2 1 1
github.com/GoesToEleven/LearningGoProgramming/Testing_Lecture_and_Exercises/Jedi_Level_13/Hands-On-1/dog/main.go:10.26,12.25 2 1
github.com/GoesToEleven/LearningGoProgramming/Testing_Lecture_and_Exercises/Jedi_Level_13/Hands-On-1/dog/main.go:15.2,15.14 1 1
github.com/GoesToEleven/LearningGoProgramming/Testing_Lecture_and_Exercises/Jedi_Level_13/Hands-On-1/dog/main.go:12.25,14.3 1 1
